{
"contracts/MockUSDC.sol":{"l":{"13":79,"14":79,"18":1,"22":241,"26":0,"27":0,"28":0,"32":1},"path":"/home/minhchung/Capstone-Project/contracts/MockUSDC.sol","s":{"1":79,"2":1,"3":241,"4":0,"5":0,"6":1},"b":{"1":[241,1],"2":[0,0],"3":[1,1]},"f":{"1":79,"2":1,"3":241,"4":0,"5":1},"fnMap":{"1":{"name":"constructor","line":12,"loc":{"start":{"line":12,"column":4},"end":{"line":15,"column":4}}},"2":{"name":"decimals","line":17,"loc":{"start":{"line":17,"column":4},"end":{"line":19,"column":4}}},"3":{"name":"mint","line":21,"loc":{"start":{"line":21,"column":4},"end":{"line":23,"column":4}}},"4":{"name":"faucet","line":25,"loc":{"start":{"line":25,"column":4},"end":{"line":29,"column":4}}},"5":{"name":"burn","line":31,"loc":{"start":{"line":31,"column":4},"end":{"line":33,"column":4}}}},"statementMap":{"1":{"start":{"line":14,"column":8},"end":{"line":14,"column":37}},"2":{"start":{"line":18,"column":8},"end":{"line":18,"column":24}},"3":{"start":{"line":22,"column":8},"end":{"line":22,"column":24}},"4":{"start":{"line":26,"column":8},"end":{"line":26,"column":65}},"5":{"start":{"line":28,"column":8},"end":{"line":28,"column":39}},"6":{"start":{"line":32,"column":8},"end":{"line":32,"column":26}}},"branchMap":{"1":{"line":21,"type":"if","locations":[{"start":{"line":21,"column":55},"end":{"line":21,"column":55}},{"start":{"line":21,"column":55},"end":{"line":21,"column":55}}]},"2":{"line":26,"type":"if","locations":[{"start":{"line":26,"column":8},"end":{"line":26,"column":8}},{"start":{"line":26,"column":8},"end":{"line":26,"column":8}}]},"3":{"line":31,"type":"if","locations":[{"start":{"line":31,"column":57},"end":{"line":31,"column":57}},{"start":{"line":31,"column":57},"end":{"line":31,"column":57}}]}}},
"contracts/SavingCore.sol":{"l":{"88":55,"89":55,"91":55,"92":55,"93":55,"94":55,"95":55,"96":55,"100":1,"101":1,"105":2,"115":167,"116":167,"117":167,"118":167,"120":167,"121":167,"130":167,"134":3,"135":3,"136":3,"138":3,"139":3,"143":0,"144":0,"145":0,"149":4,"150":4,"151":4,"155":41,"156":41,"157":41,"158":40,"159":39,"161":38,"162":38,"164":38,"166":38,"167":38,"169":38,"180":38,"182":38,"194":16,"195":16,"196":15,"198":14,"199":14,"200":14,"201":14,"203":14,"204":5,"205":5,"206":5,"209":9,"210":9,"213":13,"214":13,"216":13,"217":13,"219":13,"223":8,"224":8,"225":8,"226":8,"227":7,"229":6,"230":6,"231":6,"233":4,"239":4,"241":4,"242":4,"244":4,"246":4,"247":4,"258":4,"260":4,"261":4,"263":4,"267":7,"268":7,"269":6,"274":5,"275":5,"277":4,"283":4,"285":4,"287":4,"288":4,"299":4,"301":4,"302":4,"304":4,"308":8,"312":2,"316":1,"317":1,"318":1,"319":1,"321":1,"330":17,"331":0,"333":17,"334":17,"343":3,"344":2,"345":2,"349":17,"350":17,"355":6,"359":2,"368":0,"377":59,"381":0,"385":0},"path":"/home/minhchung/Capstone-Project/contracts/SavingCore.sol","s":{"1":55,"2":55,"3":55,"4":1,"5":2,"6":167,"7":167,"8":167,"9":167,"10":167,"11":3,"12":3,"13":3,"14":3,"15":0,"16":0,"17":4,"18":4,"19":41,"20":41,"21":41,"22":40,"23":39,"24":38,"25":38,"26":38,"27":38,"28":38,"29":38,"30":38,"31":16,"32":16,"33":15,"34":14,"35":14,"36":14,"37":14,"38":14,"39":5,"40":5,"41":9,"42":13,"43":13,"44":13,"45":13,"46":8,"47":8,"48":8,"49":8,"50":7,"51":6,"52":6,"53":6,"54":4,"55":4,"56":4,"57":4,"58":4,"59":4,"60":4,"61":4,"62":4,"63":7,"64":7,"65":6,"66":5,"67":5,"68":4,"69":4,"70":4,"71":4,"72":4,"73":4,"74":4,"75":8,"76":2,"77":1,"78":1,"79":1,"80":1,"81":17,"82":0,"83":17,"84":17,"85":3,"86":2,"87":2,"88":17,"89":17,"90":6,"91":2,"92":0,"93":59,"94":0,"95":0},"b":{"1":[55,0],"2":[55,0],"3":[1,1],"4":[167,1],"5":[167,0],"6":[167,0],"7":[167,0],"8":[0,167],"9":[167,0],"10":[3,1],"11":[3,0],"12":[3,0],"13":[0,1],"14":[0,0],"15":[4,1],"16":[4,0],"17":[41,1],"18":[41,0],"19":[41,0],"20":[40,1],"21":[39,1],"22":[38,1],"23":[0,38],"24":[38,0],"25":[16,1],"26":[16,0],"27":[15,1],"28":[14,1],"29":[5,9],"30":[5,0],"31":[8,1],"32":[8,0],"33":[8,0],"34":[8,0],"35":[7,1],"36":[6,1],"37":[6,0],"38":[4,2],"39":[4,0],"40":[4,0],"41":[0,4],"42":[7,0],"43":[7,0],"44":[6,1],"45":[5,1],"46":[4,1],"47":[0,17],"48":[2,1],"49":[17,0],"50":[6,1],"51":[2,0]},"f":{"1":55,"2":1,"3":2,"4":167,"5":3,"6":0,"7":4,"8":41,"9":16,"10":8,"11":7,"12":8,"13":2,"14":1,"15":17,"16":3,"17":17,"18":6,"19":2,"20":0,"21":59,"22":0,"23":0},"fnMap":{"1":{"name":"constructor","line":87,"loc":{"start":{"line":82,"column":4},"end":{"line":97,"column":4}}},"2":{"name":"setBaseURI","line":99,"loc":{"start":{"line":99,"column":4},"end":{"line":102,"column":4}}},"3":{"name":"_baseURI","line":104,"loc":{"start":{"line":104,"column":4},"end":{"line":106,"column":4}}},"4":{"name":"createPlan","line":114,"loc":{"start":{"line":108,"column":4},"end":{"line":131,"column":4}}},"5":{"name":"updatePlan","line":133,"loc":{"start":{"line":133,"column":4},"end":{"line":140,"column":4}}},"6":{"name":"enablePlan","line":142,"loc":{"start":{"line":142,"column":4},"end":{"line":146,"column":4}}},"7":{"name":"disablePlan","line":148,"loc":{"start":{"line":148,"column":4},"end":{"line":152,"column":4}}},"8":{"name":"openDeposit","line":154,"loc":{"start":{"line":154,"column":4},"end":{"line":191,"column":4}}},"9":{"name":"withdraw","line":193,"loc":{"start":{"line":193,"column":4},"end":{"line":220,"column":4}}},"10":{"name":"renewDeposit","line":222,"loc":{"start":{"line":222,"column":4},"end":{"line":264,"column":4}}},"11":{"name":"autoRenewDeposit","line":266,"loc":{"start":{"line":266,"column":4},"end":{"line":305,"column":4}}},"12":{"name":"getDeposit","line":307,"loc":{"start":{"line":307,"column":4},"end":{"line":309,"column":4}}},"13":{"name":"getPlan","line":311,"loc":{"start":{"line":311,"column":4},"end":{"line":313,"column":4}}},"14":{"name":"getDepositsByOwner","line":315,"loc":{"start":{"line":315,"column":4},"end":{"line":322,"column":4}}},"15":{"name":"_calculateInterest","line":324,"loc":{"start":{"line":324,"column":4},"end":{"line":335,"column":4}}},"16":{"name":"calculateInterest","line":337,"loc":{"start":{"line":337,"column":4},"end":{"line":346,"column":4}}},"17":{"name":"_payInterest","line":348,"loc":{"start":{"line":348,"column":4},"end":{"line":352,"column":4}}},"18":{"name":"pause","line":354,"loc":{"start":{"line":354,"column":4},"end":{"line":356,"column":4}}},"19":{"name":"unpause","line":358,"loc":{"start":{"line":358,"column":4},"end":{"line":360,"column":4}}},"20":{"name":"supportsInterface","line":362,"loc":{"start":{"line":362,"column":4},"end":{"line":369,"column":4}}},"21":{"name":"_beforeTokenTransfer","line":371,"loc":{"start":{"line":371,"column":4},"end":{"line":378,"column":4}}},"22":{"name":"nextDepositId","line":380,"loc":{"start":{"line":380,"column":4},"end":{"line":382,"column":4}}},"23":{"name":"nextPlanId","line":384,"loc":{"start":{"line":384,"column":4},"end":{"line":386,"column":4}}}},"statementMap":{"1":{"start":{"line":88,"column":8},"end":{"line":88,"column":68}},"2":{"start":{"line":89,"column":8},"end":{"line":89,"column":51}},"3":{"start":{"line":94,"column":8},"end":{"line":94,"column":33}},"4":{"start":{"line":101,"column":8},"end":{"line":101,"column":35}},"5":{"start":{"line":105,"column":8},"end":{"line":105,"column":28}},"6":{"start":{"line":115,"column":8},"end":{"line":115,"column":46}},"7":{"start":{"line":116,"column":8},"end":{"line":116,"column":60}},"8":{"start":{"line":117,"column":8},"end":{"line":117,"column":84}},"9":{"start":{"line":118,"column":8},"end":{"line":118,"column":54}},"10":{"start":{"line":130,"column":8},"end":{"line":130,"column":51}},"11":{"start":{"line":134,"column":8},"end":{"line":134,"column":66}},"12":{"start":{"line":135,"column":8},"end":{"line":135,"column":41}},"13":{"start":{"line":136,"column":8},"end":{"line":136,"column":57}},"14":{"start":{"line":139,"column":8},"end":{"line":139,"column":43}},"15":{"start":{"line":143,"column":8},"end":{"line":143,"column":66}},"16":{"start":{"line":145,"column":8},"end":{"line":145,"column":32}},"17":{"start":{"line":149,"column":8},"end":{"line":149,"column":66}},"18":{"start":{"line":151,"column":8},"end":{"line":151,"column":33}},"19":{"start":{"line":155,"column":8},"end":{"line":155,"column":41}},"20":{"start":{"line":156,"column":8},"end":{"line":156,"column":57}},"21":{"start":{"line":157,"column":8},"end":{"line":157,"column":48}},"22":{"start":{"line":158,"column":8},"end":{"line":158,"column":62}},"23":{"start":{"line":159,"column":8},"end":{"line":159,"column":86}},"24":{"start":{"line":161,"column":8},"end":{"line":161,"column":69}},"25":{"start":{"line":162,"column":8},"end":{"line":162,"column":61}},"26":{"start":{"line":164,"column":8},"end":{"line":164,"column":59}},"27":{"start":{"line":166,"column":8},"end":{"line":166,"column":44}},"28":{"start":{"line":167,"column":8},"end":{"line":167,"column":72}},"29":{"start":{"line":180,"column":8},"end":{"line":180,"column":35}},"30":{"start":{"line":182,"column":8},"end":{"line":182,"column":5754}},"31":{"start":{"line":194,"column":8},"end":{"line":194,"column":53}},"32":{"start":{"line":195,"column":8},"end":{"line":195,"column":56}},"33":{"start":{"line":196,"column":8},"end":{"line":196,"column":68}},"34":{"start":{"line":198,"column":8},"end":{"line":198,"column":59}},"35":{"start":{"line":199,"column":8},"end":{"line":199,"column":45}},"36":{"start":{"line":200,"column":8},"end":{"line":200,"column":28}},"37":{"start":{"line":201,"column":8},"end":{"line":201,"column":27}},"38":{"start":{"line":203,"column":8},"end":{"line":203,"column":6396}},"39":{"start":{"line":205,"column":12},"end":{"line":205,"column":6497}},"40":{"start":{"line":206,"column":16},"end":{"line":206,"column":65}},"41":{"start":{"line":210,"column":12},"end":{"line":210,"column":45}},"42":{"start":{"line":213,"column":8},"end":{"line":213,"column":50}},"43":{"start":{"line":214,"column":8},"end":{"line":214,"column":46}},"44":{"start":{"line":217,"column":8},"end":{"line":217,"column":23}},"45":{"start":{"line":219,"column":8},"end":{"line":219,"column":75}},"46":{"start":{"line":223,"column":8},"end":{"line":223,"column":56}},"47":{"start":{"line":224,"column":8},"end":{"line":224,"column":59}},"48":{"start":{"line":225,"column":8},"end":{"line":225,"column":71}},"49":{"start":{"line":226,"column":8},"end":{"line":226,"column":88}},"50":{"start":{"line":227,"column":8},"end":{"line":227,"column":97}},"51":{"start":{"line":229,"column":8},"end":{"line":229,"column":47}},"52":{"start":{"line":230,"column":8},"end":{"line":230,"column":64}},"53":{"start":{"line":231,"column":8},"end":{"line":231,"column":55}},"54":{"start":{"line":233,"column":8},"end":{"line":233,"column":7718}},"55":{"start":{"line":239,"column":8},"end":{"line":239,"column":62}},"56":{"start":{"line":241,"column":8},"end":{"line":241,"column":77}},"57":{"start":{"line":242,"column":8},"end":{"line":242,"column":90}},"58":{"start":{"line":244,"column":8},"end":{"line":244,"column":78}},"59":{"start":{"line":246,"column":8},"end":{"line":246,"column":47}},"60":{"start":{"line":258,"column":8},"end":{"line":258,"column":41}},"61":{"start":{"line":261,"column":8},"end":{"line":261,"column":38}},"62":{"start":{"line":263,"column":8},"end":{"line":263,"column":77}},"63":{"start":{"line":267,"column":8},"end":{"line":267,"column":56}},"64":{"start":{"line":268,"column":8},"end":{"line":268,"column":71}},"65":{"start":{"line":269,"column":8},"end":{"line":269,"column":9095}},"66":{"start":{"line":274,"column":8},"end":{"line":274,"column":60}},"67":{"start":{"line":275,"column":8},"end":{"line":275,"column":62}},"68":{"start":{"line":277,"column":8},"end":{"line":277,"column":9366}},"69":{"start":{"line":283,"column":8},"end":{"line":283,"column":62}},"70":{"start":{"line":285,"column":8},"end":{"line":285,"column":83}},"71":{"start":{"line":287,"column":8},"end":{"line":287,"column":47}},"72":{"start":{"line":299,"column":8},"end":{"line":299,"column":47}},"73":{"start":{"line":302,"column":8},"end":{"line":302,"column":44}},"74":{"start":{"line":304,"column":8},"end":{"line":304,"column":84}},"75":{"start":{"line":308,"column":8},"end":{"line":308,"column":34}},"76":{"start":{"line":312,"column":8},"end":{"line":312,"column":28}},"77":{"start":{"line":316,"column":8},"end":{"line":316,"column":42}},"78":{"start":{"line":317,"column":8},"end":{"line":317,"column":56}},"79":{"start":{"line":318,"column":8},"end":{"line":318,"column":10835}},"80":{"start":{"line":321,"column":8},"end":{"line":321,"column":21}},"81":{"start":{"line":330,"column":8},"end":{"line":330,"column":11154}},"82":{"start":{"line":331,"column":12},"end":{"line":331,"column":20}},"83":{"start":{"line":333,"column":8},"end":{"line":333,"column":53}},"84":{"start":{"line":334,"column":8},"end":{"line":334,"column":81}},"85":{"start":{"line":343,"column":8},"end":{"line":343,"column":56}},"86":{"start":{"line":344,"column":8},"end":{"line":344,"column":50}},"87":{"start":{"line":345,"column":8},"end":{"line":345,"column":81}},"88":{"start":{"line":349,"column":8},"end":{"line":349,"column":11820}},"89":{"start":{"line":350,"column":12},"end":{"line":350,"column":59}},"90":{"start":{"line":355,"column":8},"end":{"line":355,"column":15}},"91":{"start":{"line":359,"column":8},"end":{"line":359,"column":17}},"92":{"start":{"line":368,"column":8},"end":{"line":368,"column":51}},"93":{"start":{"line":377,"column":8},"end":{"line":377,"column":63}},"94":{"start":{"line":381,"column":8},"end":{"line":381,"column":29}},"95":{"start":{"line":385,"column":8},"end":{"line":385,"column":26}}},"branchMap":{"1":{"line":88,"type":"if","locations":[{"start":{"line":88,"column":8},"end":{"line":88,"column":8}},{"start":{"line":88,"column":8},"end":{"line":88,"column":8}}]},"2":{"line":89,"type":"if","locations":[{"start":{"line":89,"column":8},"end":{"line":89,"column":8}},{"start":{"line":89,"column":8},"end":{"line":89,"column":8}}]},"3":{"line":99,"type":"if","locations":[{"start":{"line":99,"column":59},"end":{"line":99,"column":59}},{"start":{"line":99,"column":59},"end":{"line":99,"column":59}}]},"4":{"line":114,"type":"if","locations":[{"start":{"line":114,"column":15},"end":{"line":114,"column":15}},{"start":{"line":114,"column":15},"end":{"line":114,"column":15}}]},"5":{"line":115,"type":"if","locations":[{"start":{"line":115,"column":8},"end":{"line":115,"column":8}},{"start":{"line":115,"column":8},"end":{"line":115,"column":8}}]},"6":{"line":116,"type":"if","locations":[{"start":{"line":116,"column":8},"end":{"line":116,"column":8}},{"start":{"line":116,"column":8},"end":{"line":116,"column":8}}]},"7":{"line":117,"type":"if","locations":[{"start":{"line":117,"column":8},"end":{"line":117,"column":8}},{"start":{"line":117,"column":8},"end":{"line":117,"column":8}}]},"8":{"line":117,"type":"cond-expr","locations":[{"start":{"line":117,"column":16},"end":{"line":117,"column":30}},{"start":{"line":117,"column":35},"end":{"line":117,"column":58}}]},"9":{"line":118,"type":"if","locations":[{"start":{"line":118,"column":8},"end":{"line":118,"column":8}},{"start":{"line":118,"column":8},"end":{"line":118,"column":8}}]},"10":{"line":133,"type":"if","locations":[{"start":{"line":133,"column":68},"end":{"line":133,"column":68}},{"start":{"line":133,"column":68},"end":{"line":133,"column":68}}]},"11":{"line":134,"type":"if","locations":[{"start":{"line":134,"column":8},"end":{"line":134,"column":8}},{"start":{"line":134,"column":8},"end":{"line":134,"column":8}}]},"12":{"line":136,"type":"if","locations":[{"start":{"line":136,"column":8},"end":{"line":136,"column":8}},{"start":{"line":136,"column":8},"end":{"line":136,"column":8}}]},"13":{"line":142,"type":"if","locations":[{"start":{"line":142,"column":49},"end":{"line":142,"column":49}},{"start":{"line":142,"column":49},"end":{"line":142,"column":49}}]},"14":{"line":143,"type":"if","locations":[{"start":{"line":143,"column":8},"end":{"line":143,"column":8}},{"start":{"line":143,"column":8},"end":{"line":143,"column":8}}]},"15":{"line":148,"type":"if","locations":[{"start":{"line":148,"column":50},"end":{"line":148,"column":50}},{"start":{"line":148,"column":50},"end":{"line":148,"column":50}}]},"16":{"line":149,"type":"if","locations":[{"start":{"line":149,"column":8},"end":{"line":149,"column":8}},{"start":{"line":149,"column":8},"end":{"line":149,"column":8}}]},"17":{"line":154,"type":"if","locations":[{"start":{"line":154,"column":66},"end":{"line":154,"column":66}},{"start":{"line":154,"column":66},"end":{"line":154,"column":66}}]},"18":{"line":154,"type":"if","locations":[{"start":{"line":154,"column":80},"end":{"line":154,"column":80}},{"start":{"line":154,"column":80},"end":{"line":154,"column":80}}]},"19":{"line":156,"type":"if","locations":[{"start":{"line":156,"column":8},"end":{"line":156,"column":8}},{"start":{"line":156,"column":8},"end":{"line":156,"column":8}}]},"20":{"line":157,"type":"if","locations":[{"start":{"line":157,"column":8},"end":{"line":157,"column":8}},{"start":{"line":157,"column":8},"end":{"line":157,"column":8}}]},"21":{"line":158,"type":"if","locations":[{"start":{"line":158,"column":8},"end":{"line":158,"column":8}},{"start":{"line":158,"column":8},"end":{"line":158,"column":8}}]},"22":{"line":159,"type":"if","locations":[{"start":{"line":159,"column":8},"end":{"line":159,"column":8}},{"start":{"line":159,"column":8},"end":{"line":159,"column":8}}]},"23":{"line":159,"type":"cond-expr","locations":[{"start":{"line":159,"column":16},"end":{"line":159,"column":35}},{"start":{"line":159,"column":40},"end":{"line":159,"column":64}}]},"24":{"line":162,"type":"if","locations":[{"start":{"line":162,"column":8},"end":{"line":162,"column":8}},{"start":{"line":162,"column":8},"end":{"line":162,"column":8}}]},"25":{"line":193,"type":"if","locations":[{"start":{"line":193,"column":50},"end":{"line":193,"column":50}},{"start":{"line":193,"column":50},"end":{"line":193,"column":50}}]},"26":{"line":193,"type":"if","locations":[{"start":{"line":193,"column":64},"end":{"line":193,"column":64}},{"start":{"line":193,"column":64},"end":{"line":193,"column":64}}]},"27":{"line":195,"type":"if","locations":[{"start":{"line":195,"column":8},"end":{"line":195,"column":8}},{"start":{"line":195,"column":8},"end":{"line":195,"column":8}}]},"28":{"line":196,"type":"if","locations":[{"start":{"line":196,"column":8},"end":{"line":196,"column":8}},{"start":{"line":196,"column":8},"end":{"line":196,"column":8}}]},"29":{"line":203,"type":"if","locations":[{"start":{"line":203,"column":8},"end":{"line":203,"column":8}},{"start":{"line":203,"column":8},"end":{"line":203,"column":8}}]},"30":{"line":205,"type":"if","locations":[{"start":{"line":205,"column":12},"end":{"line":205,"column":12}},{"start":{"line":205,"column":12},"end":{"line":205,"column":12}}]},"31":{"line":222,"type":"if","locations":[{"start":{"line":222,"column":73},"end":{"line":222,"column":73}},{"start":{"line":222,"column":73},"end":{"line":222,"column":73}}]},"32":{"line":222,"type":"if","locations":[{"start":{"line":222,"column":87},"end":{"line":222,"column":87}},{"start":{"line":222,"column":87},"end":{"line":222,"column":87}}]},"33":{"line":224,"type":"if","locations":[{"start":{"line":224,"column":8},"end":{"line":224,"column":8}},{"start":{"line":224,"column":8},"end":{"line":224,"column":8}}]},"34":{"line":225,"type":"if","locations":[{"start":{"line":225,"column":8},"end":{"line":225,"column":8}},{"start":{"line":225,"column":8},"end":{"line":225,"column":8}}]},"35":{"line":226,"type":"if","locations":[{"start":{"line":226,"column":8},"end":{"line":226,"column":8}},{"start":{"line":226,"column":8},"end":{"line":226,"column":8}}]},"36":{"line":227,"type":"if","locations":[{"start":{"line":227,"column":8},"end":{"line":227,"column":8}},{"start":{"line":227,"column":8},"end":{"line":227,"column":8}}]},"37":{"line":230,"type":"if","locations":[{"start":{"line":230,"column":8},"end":{"line":230,"column":8}},{"start":{"line":230,"column":8},"end":{"line":230,"column":8}}]},"38":{"line":231,"type":"if","locations":[{"start":{"line":231,"column":8},"end":{"line":231,"column":8}},{"start":{"line":231,"column":8},"end":{"line":231,"column":8}}]},"39":{"line":241,"type":"if","locations":[{"start":{"line":241,"column":8},"end":{"line":241,"column":8}},{"start":{"line":241,"column":8},"end":{"line":241,"column":8}}]},"40":{"line":242,"type":"if","locations":[{"start":{"line":242,"column":8},"end":{"line":242,"column":8}},{"start":{"line":242,"column":8},"end":{"line":242,"column":8}}]},"41":{"line":242,"type":"cond-expr","locations":[{"start":{"line":242,"column":16},"end":{"line":242,"column":38}},{"start":{"line":242,"column":43},"end":{"line":242,"column":76}}]},"42":{"line":266,"type":"if","locations":[{"start":{"line":266,"column":58},"end":{"line":266,"column":58}},{"start":{"line":266,"column":58},"end":{"line":266,"column":58}}]},"43":{"line":266,"type":"if","locations":[{"start":{"line":266,"column":72},"end":{"line":266,"column":72}},{"start":{"line":266,"column":72},"end":{"line":266,"column":72}}]},"44":{"line":268,"type":"if","locations":[{"start":{"line":268,"column":8},"end":{"line":268,"column":8}},{"start":{"line":268,"column":8},"end":{"line":268,"column":8}}]},"45":{"line":269,"type":"if","locations":[{"start":{"line":269,"column":8},"end":{"line":269,"column":8}},{"start":{"line":269,"column":8},"end":{"line":269,"column":8}}]},"46":{"line":275,"type":"if","locations":[{"start":{"line":275,"column":8},"end":{"line":275,"column":8}},{"start":{"line":275,"column":8},"end":{"line":275,"column":8}}]},"47":{"line":330,"type":"if","locations":[{"start":{"line":330,"column":8},"end":{"line":330,"column":8}},{"start":{"line":330,"column":8},"end":{"line":330,"column":8}}]},"48":{"line":343,"type":"if","locations":[{"start":{"line":343,"column":8},"end":{"line":343,"column":8}},{"start":{"line":343,"column":8},"end":{"line":343,"column":8}}]},"49":{"line":349,"type":"if","locations":[{"start":{"line":349,"column":8},"end":{"line":349,"column":8}},{"start":{"line":349,"column":8},"end":{"line":349,"column":8}}]},"50":{"line":354,"type":"if","locations":[{"start":{"line":354,"column":30},"end":{"line":354,"column":30}},{"start":{"line":354,"column":30},"end":{"line":354,"column":30}}]},"51":{"line":358,"type":"if","locations":[{"start":{"line":358,"column":32},"end":{"line":358,"column":32}},{"start":{"line":358,"column":32},"end":{"line":358,"column":32}}]}}},
"contracts/VaultManager.sol":{"l":{"27":73,"28":73,"30":73,"31":73,"33":73,"34":73,"38":2,"39":1,"40":1,"44":59,"45":59,"46":59,"50":66,"51":65,"52":65,"56":4,"57":4,"58":4,"60":3,"61":3,"62":3,"66":20,"67":20,"68":20,"70":18,"71":18,"72":18,"76":26,"77":26,"81":4,"85":1},"path":"/home/minhchung/Capstone-Project/contracts/VaultManager.sol","s":{"1":73,"2":73,"3":73,"4":73,"5":2,"6":1,"7":59,"8":59,"9":59,"10":66,"11":65,"12":65,"13":4,"14":4,"15":4,"16":3,"17":3,"18":20,"19":20,"20":20,"21":18,"22":18,"23":26,"24":26,"25":4,"26":1},"b":{"1":[73,0],"2":[73,0],"3":[2,0],"4":[1,1],"5":[59,0],"6":[59,0],"7":[67,0],"8":[66,1],"9":[65,1],"10":[5,0],"11":[4,1],"12":[4,0],"13":[4,0],"14":[3,1],"15":[20,1],"16":[20,0],"17":[20,0],"18":[20,0],"19":[20,0],"20":[18,2],"21":[23,3],"22":[4,0],"23":[1,0]},"f":{"1":73,"2":2,"3":59,"4":66,"5":4,"6":20,"7":26,"8":4,"9":1},"fnMap":{"1":{"name":"constructor","line":26,"loc":{"start":{"line":26,"column":4},"end":{"line":35,"column":4}}},"2":{"name":"setFeeReceiver","line":37,"loc":{"start":{"line":37,"column":4},"end":{"line":41,"column":4}}},"3":{"name":"grantVaultManagerRole","line":43,"loc":{"start":{"line":43,"column":4},"end":{"line":47,"column":4}}},"4":{"name":"fundVault","line":49,"loc":{"start":{"line":49,"column":4},"end":{"line":53,"column":4}}},"5":{"name":"withdrawVault","line":55,"loc":{"start":{"line":55,"column":4},"end":{"line":63,"column":4}}},"6":{"name":"withdrawInterest","line":65,"loc":{"start":{"line":65,"column":4},"end":{"line":73,"column":4}}},"7":{"name":"availableBalance","line":75,"loc":{"start":{"line":75,"column":4},"end":{"line":78,"column":4}}},"8":{"name":"pause","line":80,"loc":{"start":{"line":80,"column":4},"end":{"line":82,"column":4}}},"9":{"name":"unpause","line":84,"loc":{"start":{"line":84,"column":4},"end":{"line":86,"column":4}}}},"statementMap":{"1":{"start":{"line":27,"column":8},"end":{"line":27,"column":59}},"2":{"start":{"line":28,"column":8},"end":{"line":28,"column":61}},"3":{"start":{"line":33,"column":8},"end":{"line":33,"column":45}},"4":{"start":{"line":34,"column":8},"end":{"line":34,"column":38}},"5":{"start":{"line":38,"column":8},"end":{"line":38,"column":66}},"6":{"start":{"line":40,"column":8},"end":{"line":40,"column":41}},"7":{"start":{"line":44,"column":8},"end":{"line":44,"column":57}},"8":{"start":{"line":45,"column":8},"end":{"line":45,"column":47}},"9":{"start":{"line":46,"column":8},"end":{"line":46,"column":46}},"10":{"start":{"line":50,"column":8},"end":{"line":50,"column":48}},"11":{"start":{"line":51,"column":8},"end":{"line":51,"column":63}},"12":{"start":{"line":52,"column":8},"end":{"line":52,"column":44}},"13":{"start":{"line":56,"column":8},"end":{"line":56,"column":48}},"14":{"start":{"line":57,"column":8},"end":{"line":57,"column":46}},"15":{"start":{"line":58,"column":8},"end":{"line":58,"column":69}},"16":{"start":{"line":61,"column":8},"end":{"line":61,"column":44}},"17":{"start":{"line":62,"column":8},"end":{"line":62,"column":47}},"18":{"start":{"line":66,"column":8},"end":{"line":66,"column":48}},"19":{"start":{"line":67,"column":8},"end":{"line":67,"column":60}},"20":{"start":{"line":68,"column":8},"end":{"line":68,"column":87}},"21":{"start":{"line":71,"column":8},"end":{"line":71,"column":43}},"22":{"start":{"line":72,"column":8},"end":{"line":72,"column":44}},"23":{"start":{"line":76,"column":8},"end":{"line":76,"column":55}},"24":{"start":{"line":77,"column":8},"end":{"line":77,"column":87}},"25":{"start":{"line":81,"column":8},"end":{"line":81,"column":15}},"26":{"start":{"line":85,"column":8},"end":{"line":85,"column":17}}},"branchMap":{"1":{"line":27,"type":"if","locations":[{"start":{"line":27,"column":8},"end":{"line":27,"column":8}},{"start":{"line":27,"column":8},"end":{"line":27,"column":8}}]},"2":{"line":28,"type":"if","locations":[{"start":{"line":28,"column":8},"end":{"line":28,"column":8}},{"start":{"line":28,"column":8},"end":{"line":28,"column":8}}]},"3":{"line":37,"type":"if","locations":[{"start":{"line":37,"column":59},"end":{"line":37,"column":59}},{"start":{"line":37,"column":59},"end":{"line":37,"column":59}}]},"4":{"line":38,"type":"if","locations":[{"start":{"line":38,"column":8},"end":{"line":38,"column":8}},{"start":{"line":38,"column":8},"end":{"line":38,"column":8}}]},"5":{"line":43,"type":"if","locations":[{"start":{"line":43,"column":62},"end":{"line":43,"column":62}},{"start":{"line":43,"column":62},"end":{"line":43,"column":62}}]},"6":{"line":44,"type":"if","locations":[{"start":{"line":44,"column":8},"end":{"line":44,"column":8}},{"start":{"line":44,"column":8},"end":{"line":44,"column":8}}]},"7":{"line":49,"type":"if","locations":[{"start":{"line":49,"column":48},"end":{"line":49,"column":48}},{"start":{"line":49,"column":48},"end":{"line":49,"column":48}}]},"8":{"line":49,"type":"if","locations":[{"start":{"line":49,"column":77},"end":{"line":49,"column":77}},{"start":{"line":49,"column":77},"end":{"line":49,"column":77}}]},"9":{"line":50,"type":"if","locations":[{"start":{"line":50,"column":8},"end":{"line":50,"column":8}},{"start":{"line":50,"column":8},"end":{"line":50,"column":8}}]},"10":{"line":55,"type":"if","locations":[{"start":{"line":55,"column":52},"end":{"line":55,"column":52}},{"start":{"line":55,"column":52},"end":{"line":55,"column":52}}]},"11":{"line":55,"type":"if","locations":[{"start":{"line":55,"column":81},"end":{"line":55,"column":81}},{"start":{"line":55,"column":81},"end":{"line":55,"column":81}}]},"12":{"line":55,"type":"if","locations":[{"start":{"line":55,"column":95},"end":{"line":55,"column":95}},{"start":{"line":55,"column":95},"end":{"line":55,"column":95}}]},"13":{"line":56,"type":"if","locations":[{"start":{"line":56,"column":8},"end":{"line":56,"column":8}},{"start":{"line":56,"column":8},"end":{"line":56,"column":8}}]},"14":{"line":58,"type":"if","locations":[{"start":{"line":58,"column":8},"end":{"line":58,"column":8}},{"start":{"line":58,"column":8},"end":{"line":58,"column":8}}]},"15":{"line":65,"type":"if","locations":[{"start":{"line":65,"column":74},"end":{"line":65,"column":74}},{"start":{"line":65,"column":74},"end":{"line":65,"column":74}}]},"16":{"line":65,"type":"if","locations":[{"start":{"line":65,"column":103},"end":{"line":65,"column":103}},{"start":{"line":65,"column":103},"end":{"line":65,"column":103}}]},"17":{"line":65,"type":"if","locations":[{"start":{"line":65,"column":117},"end":{"line":65,"column":117}},{"start":{"line":65,"column":117},"end":{"line":65,"column":117}}]},"18":{"line":66,"type":"if","locations":[{"start":{"line":66,"column":8},"end":{"line":66,"column":8}},{"start":{"line":66,"column":8},"end":{"line":66,"column":8}}]},"19":{"line":67,"type":"if","locations":[{"start":{"line":67,"column":8},"end":{"line":67,"column":8}},{"start":{"line":67,"column":8},"end":{"line":67,"column":8}}]},"20":{"line":68,"type":"if","locations":[{"start":{"line":68,"column":8},"end":{"line":68,"column":8}},{"start":{"line":68,"column":8},"end":{"line":68,"column":8}}]},"21":{"line":77,"type":"if","locations":[{"start":{"line":77,"column":51},"end":{"line":77,"column":82}},{"start":{"line":77,"column":86},"end":{"line":77,"column":86}}]},"22":{"line":80,"type":"if","locations":[{"start":{"line":80,"column":30},"end":{"line":80,"column":30}},{"start":{"line":80,"column":30},"end":{"line":80,"column":30}}]},"23":{"line":84,"type":"if","locations":[{"start":{"line":84,"column":32},"end":{"line":84,"column":32}},{"start":{"line":84,"column":32},"end":{"line":84,"column":32}}]}}}}
