TN:
SF:/home/minhchung/Capstone-Project/contracts/MockUSDC.sol
FN:12,constructor
FN:17,decimals
FN:21,mint
FN:25,faucet
FN:31,burn
FNF:5
FNH:4
FNDA:79,constructor
FNDA:1,decimals
FNDA:241,mint
FNDA:0,faucet
FNDA:1,burn
DA:13,79
DA:14,79
DA:18,1
DA:22,241
DA:26,0
DA:27,0
DA:28,0
DA:32,1
LF:8
LH:5
BRDA:21,1,0,241
BRDA:21,1,1,1
BRDA:26,2,0,0
BRDA:26,2,1,0
BRDA:31,3,0,1
BRDA:31,3,1,1
BRF:6
BRH:4
end_of_record
TN:
SF:/home/minhchung/Capstone-Project/contracts/SavingCore.sol
FN:87,constructor
FN:99,setBaseURI
FN:104,_baseURI
FN:114,createPlan
FN:133,updatePlan
FN:142,enablePlan
FN:148,disablePlan
FN:154,openDeposit
FN:193,withdraw
FN:222,renewDeposit
FN:266,autoRenewDeposit
FN:307,getDeposit
FN:311,getPlan
FN:315,getDepositsByOwner
FN:324,_calculateInterest
FN:337,calculateInterest
FN:348,_payInterest
FN:354,pause
FN:358,unpause
FN:362,supportsInterface
FN:371,_beforeTokenTransfer
FN:380,nextDepositId
FN:384,nextPlanId
FNF:23
FNH:19
FNDA:55,constructor
FNDA:1,setBaseURI
FNDA:2,_baseURI
FNDA:167,createPlan
FNDA:3,updatePlan
FNDA:0,enablePlan
FNDA:4,disablePlan
FNDA:41,openDeposit
FNDA:16,withdraw
FNDA:8,renewDeposit
FNDA:7,autoRenewDeposit
FNDA:8,getDeposit
FNDA:2,getPlan
FNDA:1,getDepositsByOwner
FNDA:17,_calculateInterest
FNDA:3,calculateInterest
FNDA:17,_payInterest
FNDA:6,pause
FNDA:2,unpause
FNDA:0,supportsInterface
FNDA:59,_beforeTokenTransfer
FNDA:0,nextDepositId
FNDA:0,nextPlanId
DA:88,55
DA:89,55
DA:91,55
DA:92,55
DA:93,55
DA:94,55
DA:95,55
DA:96,55
DA:100,1
DA:101,1
DA:105,2
DA:115,167
DA:116,167
DA:117,167
DA:118,167
DA:120,167
DA:121,167
DA:130,167
DA:134,3
DA:135,3
DA:136,3
DA:138,3
DA:139,3
DA:143,0
DA:144,0
DA:145,0
DA:149,4
DA:150,4
DA:151,4
DA:155,41
DA:156,41
DA:157,41
DA:158,40
DA:159,39
DA:161,38
DA:162,38
DA:164,38
DA:166,38
DA:167,38
DA:169,38
DA:180,38
DA:182,38
DA:194,16
DA:195,16
DA:196,15
DA:198,14
DA:199,14
DA:200,14
DA:201,14
DA:203,14
DA:204,5
DA:205,5
DA:206,5
DA:209,9
DA:210,9
DA:213,13
DA:214,13
DA:216,13
DA:217,13
DA:219,13
DA:223,8
DA:224,8
DA:225,8
DA:226,8
DA:227,7
DA:229,6
DA:230,6
DA:231,6
DA:233,4
DA:239,4
DA:241,4
DA:242,4
DA:244,4
DA:246,4
DA:247,4
DA:258,4
DA:260,4
DA:261,4
DA:263,4
DA:267,7
DA:268,7
DA:269,6
DA:274,5
DA:275,5
DA:277,4
DA:283,4
DA:285,4
DA:287,4
DA:288,4
DA:299,4
DA:301,4
DA:302,4
DA:304,4
DA:308,8
DA:312,2
DA:316,1
DA:317,1
DA:318,1
DA:319,1
DA:321,1
DA:330,17
DA:331,0
DA:333,17
DA:334,17
DA:343,3
DA:344,2
DA:345,2
DA:349,17
DA:350,17
DA:355,6
DA:359,2
DA:368,0
DA:377,59
DA:381,0
DA:385,0
LF:115
LH:108
BRDA:88,1,0,55
BRDA:88,1,1,0
BRDA:89,2,0,55
BRDA:89,2,1,0
BRDA:99,3,0,1
BRDA:99,3,1,1
BRDA:114,4,0,167
BRDA:114,4,1,1
BRDA:115,5,0,167
BRDA:115,5,1,0
BRDA:116,6,0,167
BRDA:116,6,1,0
BRDA:117,7,0,167
BRDA:117,7,1,0
BRDA:117,8,0,0
BRDA:117,8,1,167
BRDA:118,9,0,167
BRDA:118,9,1,0
BRDA:133,10,0,3
BRDA:133,10,1,1
BRDA:134,11,0,3
BRDA:134,11,1,0
BRDA:136,12,0,3
BRDA:136,12,1,0
BRDA:142,13,0,0
BRDA:142,13,1,1
BRDA:143,14,0,0
BRDA:143,14,1,0
BRDA:148,15,0,4
BRDA:148,15,1,1
BRDA:149,16,0,4
BRDA:149,16,1,0
BRDA:154,17,0,41
BRDA:154,17,1,1
BRDA:154,18,0,41
BRDA:154,18,1,0
BRDA:156,19,0,41
BRDA:156,19,1,0
BRDA:157,20,0,40
BRDA:157,20,1,1
BRDA:158,21,0,39
BRDA:158,21,1,1
BRDA:159,22,0,38
BRDA:159,22,1,1
BRDA:159,23,0,0
BRDA:159,23,1,38
BRDA:162,24,0,38
BRDA:162,24,1,0
BRDA:193,25,0,16
BRDA:193,25,1,1
BRDA:193,26,0,16
BRDA:193,26,1,0
BRDA:195,27,0,15
BRDA:195,27,1,1
BRDA:196,28,0,14
BRDA:196,28,1,1
BRDA:203,29,0,5
BRDA:203,29,1,9
BRDA:205,30,0,5
BRDA:205,30,1,0
BRDA:222,31,0,8
BRDA:222,31,1,1
BRDA:222,32,0,8
BRDA:222,32,1,0
BRDA:224,33,0,8
BRDA:224,33,1,0
BRDA:225,34,0,8
BRDA:225,34,1,0
BRDA:226,35,0,7
BRDA:226,35,1,1
BRDA:227,36,0,6
BRDA:227,36,1,1
BRDA:230,37,0,6
BRDA:230,37,1,0
BRDA:231,38,0,4
BRDA:231,38,1,2
BRDA:241,39,0,4
BRDA:241,39,1,0
BRDA:242,40,0,4
BRDA:242,40,1,0
BRDA:242,41,0,0
BRDA:242,41,1,4
BRDA:266,42,0,7
BRDA:266,42,1,0
BRDA:266,43,0,7
BRDA:266,43,1,0
BRDA:268,44,0,6
BRDA:268,44,1,1
BRDA:269,45,0,5
BRDA:269,45,1,1
BRDA:275,46,0,4
BRDA:275,46,1,1
BRDA:330,47,0,0
BRDA:330,47,1,17
BRDA:343,48,0,2
BRDA:343,48,1,1
BRDA:349,49,0,17
BRDA:349,49,1,0
BRDA:354,50,0,6
BRDA:354,50,1,1
BRDA:358,51,0,2
BRDA:358,51,1,0
BRF:102
BRH:71
end_of_record
TN:
SF:/home/minhchung/Capstone-Project/contracts/VaultManager.sol
FN:26,constructor
FN:37,setFeeReceiver
FN:43,grantVaultManagerRole
FN:49,fundVault
FN:55,withdrawVault
FN:65,withdrawInterest
FN:75,availableBalance
FN:80,pause
FN:84,unpause
FNF:9
FNH:9
FNDA:73,constructor
FNDA:2,setFeeReceiver
FNDA:59,grantVaultManagerRole
FNDA:66,fundVault
FNDA:4,withdrawVault
FNDA:20,withdrawInterest
FNDA:26,availableBalance
FNDA:4,pause
FNDA:1,unpause
DA:27,73
DA:28,73
DA:30,73
DA:31,73
DA:33,73
DA:34,73
DA:38,2
DA:39,1
DA:40,1
DA:44,59
DA:45,59
DA:46,59
DA:50,66
DA:51,65
DA:52,65
DA:56,4
DA:57,4
DA:58,4
DA:60,3
DA:61,3
DA:62,3
DA:66,20
DA:67,20
DA:68,20
DA:70,18
DA:71,18
DA:72,18
DA:76,26
DA:77,26
DA:81,4
DA:85,1
LF:31
LH:31
BRDA:27,1,0,73
BRDA:27,1,1,0
BRDA:28,2,0,73
BRDA:28,2,1,0
BRDA:37,3,0,2
BRDA:37,3,1,0
BRDA:38,4,0,1
BRDA:38,4,1,1
BRDA:43,5,0,59
BRDA:43,5,1,0
BRDA:44,6,0,59
BRDA:44,6,1,0
BRDA:49,7,0,67
BRDA:49,7,1,0
BRDA:49,8,0,66
BRDA:49,8,1,1
BRDA:50,9,0,65
BRDA:50,9,1,1
BRDA:55,10,0,5
BRDA:55,10,1,0
BRDA:55,11,0,4
BRDA:55,11,1,1
BRDA:55,12,0,4
BRDA:55,12,1,0
BRDA:56,13,0,4
BRDA:56,13,1,0
BRDA:58,14,0,3
BRDA:58,14,1,1
BRDA:65,15,0,20
BRDA:65,15,1,1
BRDA:65,16,0,20
BRDA:65,16,1,0
BRDA:65,17,0,20
BRDA:65,17,1,0
BRDA:66,18,0,20
BRDA:66,18,1,0
BRDA:67,19,0,20
BRDA:67,19,1,0
BRDA:68,20,0,18
BRDA:68,20,1,2
BRDA:77,21,0,23
BRDA:77,21,1,3
BRDA:80,22,0,4
BRDA:80,22,1,0
BRDA:84,23,0,1
BRDA:84,23,1,0
BRF:46
BRH:31
end_of_record
